{
  "stats": {
    "suites": 1,
    "tests": 3,
    "passes": 3,
    "pending": 0,
    "failures": 0,
    "start": "2025-10-30T15:47:14.482Z",
    "end": "2025-10-30T15:47:21.556Z",
    "duration": 7074,
    "testsRegistered": 3,
    "passPercent": 100,
    "pendingPercent": 0,
    "other": 0,
    "hasOther": false,
    "skipped": 0,
    "hasSkipped": false
  },
  "results": [
    {
      "uuid": "f1ff518e-5b7b-42fd-a0b2-d9cd371d8406",
      "title": "",
      "fullFile": "D:\\SQA\\Mini Bootcamp QA\\HOMEWORK\\Sesi10_FikriWicaksono\\tests\\sesi11-POM-Visual.js",
      "file": "\\tests\\sesi11-POM-Visual.js",
      "beforeHooks": [],
      "afterHooks": [],
      "tests": [],
      "suites": [
        {
          "uuid": "1e4ec309-140a-47b0-8b1b-917b541ceee4",
          "title": "SauceDemo Automation dengan ES Module",
          "fullFile": "D:\\SQA\\Mini Bootcamp QA\\HOMEWORK\\Sesi10_FikriWicaksono\\tests\\sesi11-POM-Visual.js",
          "file": "\\tests\\sesi11-POM-Visual.js",
          "beforeHooks": [
            {
              "title": "\"before each\" hook in \"SauceDemo Automation dengan ES Module\"",
              "fullTitle": "SauceDemo Automation dengan ES Module \"before each\" hook in \"SauceDemo Automation dengan ES Module\"",
              "timedOut": false,
              "duration": 1792,
              "state": null,
              "speed": null,
              "pass": false,
              "fail": false,
              "pending": false,
              "context": null,
              "code": "// Setup chrome\nconst service = new chrome.ServiceBuilder('C:\\\\Users\\\\ThinkPad\\\\Downloads\\\\chromedriver-win64\\\\chromedriver.exe');\nconst options = new chrome.Options();\noptions.addArguments('--incognito');\n// options.addArguments('--headless'); // aktifkan kalau mau tanpa tampilan\ndriver = await new Builder()\n    .forBrowser('chrome')\n    .setChromeOptions(options)\n    .setChromeService(service)\n    .build();\nawait driver.get('https://www.saucedemo.com');\nconsole.log('Browser membuka halaman SauceDemo');\n// login sebelum test dengan memanggil class POM\nlet inputUsernamePOM = await driver.findElement(PageLogin.inputUsername);\nlet inputPasswordPOM = await driver.findElement(PageLogin.inputPassword);\nlet buttonLoginPOM = await driver.findElement(PageLogin.buttonLogin);\nawait inputUsernamePOM.sendKeys('standard_user');\nawait inputPasswordPOM.sendKeys('secret_sauce');\nawait buttonLoginPOM.click();",
              "err": {},
              "uuid": "c5d6f115-1d8c-4c1c-a131-2e739714e73a",
              "parentUUID": "1e4ec309-140a-47b0-8b1b-917b541ceee4",
              "isHook": true,
              "skipped": false
            }
          ],
          "afterHooks": [
            {
              "title": "\"after each\" hook in \"SauceDemo Automation dengan ES Module\"",
              "fullTitle": "SauceDemo Automation dengan ES Module \"after each\" hook in \"SauceDemo Automation dengan ES Module\"",
              "timedOut": false,
              "duration": 87,
              "state": null,
              "speed": null,
              "pass": false,
              "fail": false,
              "pending": false,
              "context": null,
              "code": "if (driver) {\n    await driver.quit();\n    console.log('Browser ditutup setelah test');\n}",
              "err": {},
              "uuid": "700d042e-aef7-4ae8-a6cc-1b863895c063",
              "parentUUID": "1e4ec309-140a-47b0-8b1b-917b541ceee4",
              "isHook": true,
              "skipped": false
            }
          ],
          "tests": [
            {
              "title": "Test case 1 - Visual Test",
              "fullTitle": "SauceDemo Automation dengan ES Module Test case 1 - Visual Test",
              "timedOut": false,
              "duration": 603,
              "state": "passed",
              "speed": "slow",
              "pass": true,
              "fail": false,
              "pending": false,
              "context": null,
              "code": "// ss keadaan login sekarang, current.pgn\nlet screenshot = await driver.takeScreenshot();\nlet imgBuffer = Buffer.from(screenshot, 'base64');\nfs.writeFileSync(\"current.png\", imgBuffer);\n// ambil baseline untuk komparasi\n// jika belum ada, jadikan current.png  sebagai baseline\nif (!fs.existsSync(\"baseline.png\")) {\n    fs.copyFileSync(\"current.png\", \"baseline.png\");\n    console.log(\"baseline image saved.\");\n}\n// compare baseline.png dan current.png apakah sama\nlet img1 = PNG.sync.read(fs.readFileSync(\"baseline.png\"));\nlet img2 = PNG.sync.read(fs.readFileSync(\"current.png\"));\nlet { width, height } = img1;\nlet diff = new PNG({ width, height });\nlet numbDiffPixels = Pixelmatch(img1.data, img2.data, diff.data, width, height, { threshold: 0.1 });\nfs.writeFileSync(\"diff.png\", PNG.sync.write(diff));\nif (numbDiffPixels > 0) {\n    console.log(`Visual differences found! Pixels is different: ${numbDiffPixels}`);\n} else {\n    console.log(\"No visual differences found.\");\n}",
              "err": {},
              "uuid": "2712187f-7d7f-4255-94a8-507f0713f930",
              "parentUUID": "1e4ec309-140a-47b0-8b1b-917b541ceee4",
              "isHook": false,
              "skipped": false
            },
            {
              "title": "Test Case 1 - Login sukses dengan valid password",
              "fullTitle": "SauceDemo Automation dengan ES Module Test Case 1 - Login sukses dengan valid password",
              "timedOut": false,
              "duration": 214,
              "state": "passed",
              "speed": "slow",
              "pass": true,
              "fail": false,
              "pending": false,
              "context": null,
              "code": "// menunggu sampai icon cart muncul (validasi user berhasil login)\nawait driver.wait(until.elementsLocated(By.css('[data-test=\"shopping-cart-link\"]')), 10000);\n// validasi = tulisan 'Swag Labs' berhasil muncul\nconst title = await driver.getTitle();\nassert.strictEqual(title, 'Swag Labs');\n// Screenshot setelah login berhasil\nconst ss_full = await driver.takeScreenshot();\nfs.writeFileSync(\"captures/Full_tc1.png\", Buffer.from(ss_full, \"base64\"));\n// await driver.sleep(1000); // pakai sleep agar freeze sebentar untuk cek dan debug",
              "err": {},
              "uuid": "eb4d5b97-b4bc-448b-a482-53773ae79c57",
              "parentUUID": "1e4ec309-140a-47b0-8b1b-917b541ceee4",
              "isHook": false,
              "skipped": false
            },
            {
              "title": "Test Case 2 - Sort produk Low to High",
              "fullTitle": "SauceDemo Automation dengan ES Module Test Case 2 - Sort produk Low to High",
              "timedOut": false,
              "duration": 425,
              "state": "passed",
              "speed": "slow",
              "pass": true,
              "fail": false,
              "pending": false,
              "context": null,
              "code": "// menunggu icon dropdown sortir muncul\nconst dropdownSort = await driver.wait(\n    until.elementLocated(By.css('[data-test=\"product-sort-container\"]')),\n    1000\n);\n// klik dan pilih \"Price (low to high)\"\nawait dropdownSort.click();\nconst priceLowToHigh = await driver.findElement(By.xpath('//option[text()=\"Price (low to high)\"]'));\nawait priceLowToHigh.click();\n// await driver.sleep(1000); // pakai sleep agar freeze sebentar untuk cek dan debug\nconst firstPrice = await driver.findElement(By.css('.inventory_item_price'));\nconst priceText = await firstPrice.getText();\nassert.ok(priceText.includes('$')); // minimal cek pricenya udah sesuai apa belum\n// Screenshot product sudah tersortir \"Price low to high\"\nconst ss_full = await driver.takeScreenshot();\nfs.writeFileSync(\"captures/Full_tc2.png\", Buffer.from(ss_full, \"base64\"));\n// await driver.sleep(1000);",
              "err": {},
              "uuid": "1e62eafb-af8e-4f75-81a4-b7a529fdf233",
              "parentUUID": "1e4ec309-140a-47b0-8b1b-917b541ceee4",
              "isHook": false,
              "skipped": false
            }
          ],
          "suites": [],
          "passes": [
            "2712187f-7d7f-4255-94a8-507f0713f930",
            "eb4d5b97-b4bc-448b-a482-53773ae79c57",
            "1e62eafb-af8e-4f75-81a4-b7a529fdf233"
          ],
          "failures": [],
          "pending": [],
          "skipped": [],
          "duration": 1242,
          "root": false,
          "rootEmpty": false,
          "_timeout": 60000
        }
      ],
      "passes": [],
      "failures": [],
      "pending": [],
      "skipped": [],
      "duration": 0,
      "root": true,
      "rootEmpty": true,
      "_timeout": 60000
    }
  ],
  "meta": {
    "mocha": {
      "version": "10.8.2"
    },
    "mochawesome": {
      "options": {
        "quiet": false,
        "reportFilename": "mochawesome",
        "saveHtml": true,
        "saveJson": true,
        "consoleReporter": "spec",
        "useInlineDiffs": false,
        "code": true
      },
      "version": "7.1.4"
    },
    "marge": {
      "options": null,
      "version": "6.3.0"
    }
  }
}